<?xml version="1.0" encoding="UTF-8"?>
<testsuite xmlns:xsi="http://www.w3.org/2001/XMLSchema-instance" xsi:noNamespaceSchemaLocation="https://maven.apache.org/surefire/maven-surefire-plugin/xsd/surefire-test-report-3.0.xsd" version="3.0" name="com.faculdade.produtos.selenium.ProdutoCRUDSeleniumTest" time="86.001" tests="15" errors="0" skipped="0" failures="0">
  <properties>
[...]
</properties>
  <testcase name="deveExibirPaginaPrincipalComListaVazia" classname="com.faculdade.produtos.selenium.ProdutoCRUDSeleniumTest" time="0.88">
    <system-out><![CDATA[🌐 Servidor web iniciado em http://localhost:8888
]]></system-out>
    <system-err><![CDATA[Unexpected problem occured during version sanity check
Reported exception:
java.lang.AbstractMethodError: Receiver class org.slf4j.simple.SimpleServiceProvider does not define or inherit an implementation of the resolved method 'abstract java.lang.String getRequesteApiVersion()' of interface org.slf4j.spi.SLF4JServiceProvider.
	at org.slf4j.LoggerFactory.versionSanityCheck(LoggerFactory.java:294)
	at org.slf4j.LoggerFactory.performInitialization(LoggerFactory.java:141)
	at org.slf4j.LoggerFactory.getProvider(LoggerFactory.java:418)
	at org.slf4j.LoggerFactory.getILoggerFactory(LoggerFactory.java:404)
	at org.slf4j.LoggerFactory.getLogger(LoggerFactory.java:353)
	at org.slf4j.LoggerFactory.getLogger(LoggerFactory.java:379)
	at com.zaxxer.hikari.HikariConfig.<clinit>(HikariConfig.java:48)
	at com.faculdade.produtos.config.DatabaseConfig.createTestDataSource(DatabaseConfig.java:131)
	at com.faculdade.produtos.selenium.BaseSeleniumTest.configurarInfraestrutura(BaseSeleniumTest.java:44)
	at java.base/jdk.internal.reflect.NativeMethodAccessorImpl.invoke0(Native Method)
	at java.base/jdk.internal.reflect.NativeMethodAccessorImpl.invoke(NativeMethodAccessorImpl.java:77)
	at java.base/jdk.internal.reflect.DelegatingMethodAccessorImpl.invoke(DelegatingMethodAccessorImpl.java:43)
	at java.base/java.lang.reflect.Method.invoke(Method.java:568)
	at org.junit.platform.commons.util.ReflectionUtils.invokeMethod(ReflectionUtils.java:728)
	at org.junit.jupiter.engine.execution.MethodInvocation.proceed(MethodInvocation.java:60)
	at org.junit.jupiter.engine.execution.InvocationInterceptorChain$ValidatingInvocation.proceed(InvocationInterceptorChain.java:131)
	at org.junit.jupiter.engine.extension.TimeoutExtension.intercept(TimeoutExtension.java:156)
	at org.junit.jupiter.engine.extension.TimeoutExtension.interceptLifecycleMethod(TimeoutExtension.java:128)
	at org.junit.jupiter.engine.extension.TimeoutExtension.interceptBeforeAllMethod(TimeoutExtension.java:70)
	at org.junit.jupiter.engine.execution.InterceptingExecutableInvoker$ReflectiveInterceptorCall.lambda$ofVoidMethod$0(InterceptingExecutableInvoker.java:103)
	at org.junit.jupiter.engine.execution.InterceptingExecutableInvoker.lambda$invoke$0(InterceptingExecutableInvoker.java:93)
	at org.junit.jupiter.engine.execution.InvocationInterceptorChain$InterceptedInvocation.proceed(InvocationInterceptorChain.java:106)
	at org.junit.jupiter.engine.execution.InvocationInterceptorChain.proceed(InvocationInterceptorChain.java:64)
	at org.junit.jupiter.engine.execution.InvocationInterceptorChain.chainAndInvoke(InvocationInterceptorChain.java:45)
	at org.junit.jupiter.engine.execution.InvocationInterceptorChain.invoke(InvocationInterceptorChain.java:37)
	at org.junit.jupiter.engine.execution.InterceptingExecutableInvoker.invoke(InterceptingExecutableInvoker.java:92)
	at org.junit.jupiter.engine.execution.InterceptingExecutableInvoker.invoke(InterceptingExecutableInvoker.java:86)
	at org.junit.jupiter.engine.descriptor.ClassBasedTestDescriptor.lambda$invokeBeforeAllMethods$13(ClassBasedTestDescriptor.java:412)
	at org.junit.platform.engine.support.hierarchical.ThrowableCollector.execute(ThrowableCollector.java:73)
	at org.junit.jupiter.engine.descriptor.ClassBasedTestDescriptor.invokeBeforeAllMethods(ClassBasedTestDescriptor.java:410)
	at org.junit.jupiter.engine.descriptor.ClassBasedTestDescriptor.before(ClassBasedTestDescriptor.java:216)
	at org.junit.jupiter.engine.descriptor.ClassBasedTestDescriptor.before(ClassBasedTestDescriptor.java:85)
	at org.junit.platform.engine.support.hierarchical.NodeTestTask.lambda$executeRecursively$6(NodeTestTask.java:148)
	at org.junit.platform.engine.support.hierarchical.ThrowableCollector.execute(ThrowableCollector.java:73)
	at org.junit.platform.engine.support.hierarchical.NodeTestTask.lambda$executeRecursively$8(NodeTestTask.java:141)
	at org.junit.platform.engine.support.hierarchical.Node.around(Node.java:137)
	at org.junit.platform.engine.support.hierarchical.NodeTestTask.lambda$executeRecursively$9(NodeTestTask.java:139)
	at org.junit.platform.engine.support.hierarchical.ThrowableCollector.execute(ThrowableCollector.java:73)
	at org.junit.platform.engine.support.hierarchical.NodeTestTask.executeRecursively(NodeTestTask.java:138)
	at org.junit.platform.engine.support.hierarchical.NodeTestTask.execute(NodeTestTask.java:95)
	at java.base/java.util.ArrayList.forEach(ArrayList.java:1511)
	at org.junit.platform.engine.support.hierarchical.SameThreadHierarchicalTestExecutorService.invokeAll(SameThreadHierarchicalTestExecutorService.java:41)
	at org.junit.platform.engine.support.hierarchical.NodeTestTask.lambda$executeRecursively$6(NodeTestTask.java:155)
	at org.junit.platform.engine.support.hierarchical.ThrowableCollector.execute(ThrowableCollector.java:73)
	at org.junit.platform.engine.support.hierarchical.NodeTestTask.lambda$executeRecursively$8(NodeTestTask.java:141)
	at org.junit.platform.engine.support.hierarchical.Node.around(Node.java:137)
	at org.junit.platform.engine.support.hierarchical.NodeTestTask.lambda$executeRecursively$9(NodeTestTask.java:139)
	at org.junit.platform.engine.support.hierarchical.ThrowableCollector.execute(ThrowableCollector.java:73)
	at org.junit.platform.engine.support.hierarchical.NodeTestTask.executeRecursively(NodeTestTask.java:138)
	at org.junit.platform.engine.support.hierarchical.NodeTestTask.execute(NodeTestTask.java:95)
	at org.junit.platform.engine.support.hierarchical.SameThreadHierarchicalTestExecutorService.submit(SameThreadHierarchicalTestExecutorService.java:35)
	at org.junit.platform.engine.support.hierarchical.HierarchicalTestExecutor.execute(HierarchicalTestExecutor.java:57)
	at org.junit.platform.engine.support.hierarchical.HierarchicalTestEngine.execute(HierarchicalTestEngine.java:54)
	at org.junit.platform.launcher.core.EngineExecutionOrchestrator.execute(EngineExecutionOrchestrator.java:198)
	at org.junit.platform.launcher.core.EngineExecutionOrchestrator.execute(EngineExecutionOrchestrator.java:169)
	at org.junit.platform.launcher.core.EngineExecutionOrchestrator.execute(EngineExecutionOrchestrator.java:93)
	at org.junit.platform.launcher.core.EngineExecutionOrchestrator.lambda$execute$0(EngineExecutionOrchestrator.java:58)
	at org.junit.platform.launcher.core.EngineExecutionOrchestrator.withInterceptedStreams(EngineExecutionOrchestrator.java:141)
	at org.junit.platform.launcher.core.EngineExecutionOrchestrator.execute(EngineExecutionOrchestrator.java:57)
	at org.junit.platform.launcher.core.DefaultLauncher.execute(DefaultLauncher.java:103)
	at org.junit.platform.launcher.core.DefaultLauncher.execute(DefaultLauncher.java:85)
	at org.junit.platform.launcher.core.DelegatingLauncher.execute(DelegatingLauncher.java:47)
	at org.apache.maven.surefire.junitplatform.LazyLauncher.execute(LazyLauncher.java:56)
	at org.apache.maven.surefire.junitplatform.JUnitPlatformProvider.execute(JUnitPlatformProvider.java:184)
	at org.apache.maven.surefire.junitplatform.JUnitPlatformProvider.invokeAllTests(JUnitPlatformProvider.java:148)
	at org.apache.maven.surefire.junitplatform.JUnitPlatformProvider.invoke(JUnitPlatformProvider.java:122)
	at org.apache.maven.surefire.booter.ForkedBooter.runSuitesInProcess(ForkedBooter.java:385)
	at org.apache.maven.surefire.booter.ForkedBooter.execute(ForkedBooter.java:162)
	at org.apache.maven.surefire.booter.ForkedBooter.run(ForkedBooter.java:507)
	at org.apache.maven.surefire.booter.ForkedBooter.main(ForkedBooter.java:495)
[main] INFO com.zaxxer.hikari.HikariDataSource - HikariPool-1 - Starting...
[main] INFO com.zaxxer.hikari.pool.HikariPool - HikariPool-1 - Added connection conn0: url=jdbc:h2:mem:testdb user=SA
[main] INFO com.zaxxer.hikari.HikariDataSource - HikariPool-1 - Start completed.
[main] INFO io.javalin.Javalin - Starting Javalin ...
[main] INFO org.eclipse.jetty.server.Server - jetty-11.0.17; built: 2023-10-09T18:39:14.424Z; git: 48e7716b9462bebea6732b885dbebb4300787a5c; jvm 17.0.12+8-LTS-286
[main] INFO org.eclipse.jetty.server.session.DefaultSessionIdManager - Session workerName=node0
[main] INFO org.eclipse.jetty.server.handler.ContextHandler - Started i.j.j.@728535c6{/,null,AVAILABLE}
[main] INFO org.eclipse.jetty.server.AbstractConnector - Started ServerConnector@4177d422{HTTP/1.1, (http/1.1)}{0.0.0.0:8888}
[main] INFO org.eclipse.jetty.server.Server - Started Server@1c23e369{STARTING}[11.0.17,sto=0] @2079ms
[main] INFO io.javalin.Javalin - 
       __                  ___          ______
      / /___ __   ______ _/ (_)___     / ____/
 __  / / __ `/ | / / __ `/ / / __ \   /___ \
/ /_/ / /_/ /| |/ / /_/ / / / / / /  ____/ /
\____/\__,_/ |___/\__,_/_/_/_/ /_/  /_____/

       https://javalin.io/documentation

[main] INFO io.javalin.Javalin - Static file handler added: StaticFileConfig(hostedPath=/static, directory=/static, location=CLASSPATH, precompress=false, aliasCheck=null, headers={Cache-Control=max-age=0}, skipFileFunction=Function1<jakarta.servlet.http.HttpServletRequest, java.lang.Boolean>, mimeTypes=io.javalin.http.staticfiles.MimeTypesConfig@2148b47e). File system location: 'file:///C:/Users/Dwith/Desktop/Cadu/PB_Tp1/target/classes/static/'
[main] INFO io.javalin.Javalin - Listening on http://localhost:8888/
[main] INFO io.javalin.Javalin - You are running Javalin 5.6.3 (released October 15, 2023. Your Javalin version is 869 days old. Consider checking for a newer version.).
[main] INFO io.javalin.Javalin - Javalin started in 437ms \o/
[main] INFO io.github.bonigarcia.wdm.WebDriverManager - Using chromedriver 144.0.7559.133 (resolved driver for Chrome 144)
[main] INFO io.github.bonigarcia.wdm.WebDriverManager - Exporting webdriver.chrome.driver as C:\Users\Dwith\.cache\selenium\chromedriver\win64\144.0.7559.133\chromedriver.exe
mar. 02, 2026 3:35:08 PM org.openqa.selenium.devtools.CdpVersionFinder findNearestMatch
WARNING: Unable to find CDP implementation matching 144
mar. 02, 2026 3:35:08 PM org.openqa.selenium.chromium.ChromiumDriver lambda$new$5
WARNING: Unable to find version of CDP to use for 144.0.7559.110. You may need to include a dependency on a specific version of the CDP using something similar to `org.seleniumhq.selenium:selenium-devtools-v86:4.25.0` where the version ("v86") matches the version of the chromium-based browser you're using and the version number of the artifact is the same as Selenium's.
]]></system-err>
  </testcase>
  <testcase name="deveAbrirModalDeNovoProduto" classname="com.faculdade.produtos.selenium.ProdutoCRUDSeleniumTest" time="1.127"/>
  <testcase name="deveCriarProdutoComSucesso" classname="com.faculdade.produtos.selenium.ProdutoCRUDSeleniumTest" time="3.761"/>
  <testcase name="deveAtualizarEstatisticasAposCriar" classname="com.faculdade.produtos.selenium.ProdutoCRUDSeleniumTest" time="3.645"/>
  <testcase name="deveCriarMultiplosProdutos" classname="com.faculdade.produtos.selenium.ProdutoCRUDSeleniumTest" time="9.857"/>
  <testcase name="deveCancelarCriacaoDeProduto" classname="com.faculdade.produtos.selenium.ProdutoCRUDSeleniumTest" time="2.131"/>
  <testcase name="deveEditarProdutoComSucesso" classname="com.faculdade.produtos.selenium.ProdutoCRUDSeleniumTest" time="6.638"/>
  <testcase name="deveAbrirModalDeEdicaoComDados" classname="com.faculdade.produtos.selenium.ProdutoCRUDSeleniumTest" time="5.232"/>
  <testcase name="deveManterDadosAoCancelarEdicao" classname="com.faculdade.produtos.selenium.ProdutoCRUDSeleniumTest" time="6.024"/>
  <testcase name="deveExibirModalDeConfirmacaoDeExclusao" classname="com.faculdade.produtos.selenium.ProdutoCRUDSeleniumTest" time="5.166"/>
  <testcase name="deveExcluirProdutoComSucesso" classname="com.faculdade.produtos.selenium.ProdutoCRUDSeleniumTest" time="6.509"/>
  <testcase name="deveCancelarExclusaoEManterProduto" classname="com.faculdade.produtos.selenium.ProdutoCRUDSeleniumTest" time="5.958"/>
  <testcase name="deveAtualizarEstoqueComSucesso" classname="com.faculdade.produtos.selenium.ProdutoCRUDSeleniumTest" time="6.515"/>
  <testcase name="deveFiltrarProdutosPorBusca" classname="com.faculdade.produtos.selenium.ProdutoCRUDSeleniumTest" time="7.032"/>
  <testcase name="deveExecutarFluxoCompleto" classname="com.faculdade.produtos.selenium.ProdutoCRUDSeleniumTest" time="12.347"/>
</testsuite>