<?xml version="1.0" encoding="UTF-8"?>
<testsuite xmlns:xsi="http://www.w3.org/2001/XMLSchema-instance" xsi:noNamespaceSchemaLocation="https://maven.apache.org/surefire/maven-surefire-plugin/xsd/surefire-test-report-3.0.xsd" version="3.0" name="com.faculdade.produtos.selenium.ProdutoParametrizadoSeleniumTest" time="181.064" tests="42" errors="0" skipped="0" failures="0">
  <properties>
[...]
</properties>
  <testcase name="deveCriarProdutoEmCadaCategoria(String, String, String, String, String)[1]" classname="com.faculdade.produtos.selenium.ProdutoParametrizadoSeleniumTest" time="2.846">
    <system-out><![CDATA[🌐 Servidor web iniciado em http://localhost:8888
]]></system-out>
    <system-err><![CDATA[[main] INFO com.zaxxer.hikari.HikariDataSource - HikariPool-2 - Starting...
[main] INFO com.zaxxer.hikari.pool.HikariPool - HikariPool-2 - Added connection conn3: url=jdbc:h2:mem:testdb user=SA
[main] INFO com.zaxxer.hikari.HikariDataSource - HikariPool-2 - Start completed.
[main] INFO io.javalin.Javalin - Starting Javalin ...
[main] INFO org.eclipse.jetty.server.Server - jetty-11.0.17; built: 2023-10-09T18:39:14.424Z; git: 48e7716b9462bebea6732b885dbebb4300787a5c; jvm 17.0.12+8-LTS-286
[main] INFO org.eclipse.jetty.server.session.DefaultSessionIdManager - Session workerName=node0
[main] INFO org.eclipse.jetty.server.handler.ContextHandler - Started i.j.j.@566140d4{/,null,AVAILABLE}
[main] INFO org.eclipse.jetty.server.AbstractConnector - Started ServerConnector@6fad2da0{HTTP/1.1, (http/1.1)}{0.0.0.0:8888}
[main] INFO org.eclipse.jetty.server.Server - Started Server@b3730d5{STARTING}[11.0.17,sto=0] @86830ms
[main] INFO io.javalin.Javalin - 
       __                  ___          ______
      / /___ __   ______ _/ (_)___     / ____/
 __  / / __ `/ | / / __ `/ / / __ \   /___ \
/ /_/ / /_/ /| |/ / /_/ / / / / / /  ____/ /
\____/\__,_/ |___/\__,_/_/_/_/ /_/  /_____/

       https://javalin.io/documentation

[main] INFO io.javalin.Javalin - Static file handler added: StaticFileConfig(hostedPath=/static, directory=/static, location=CLASSPATH, precompress=false, aliasCheck=null, headers={Cache-Control=max-age=0}, skipFileFunction=Function1<jakarta.servlet.http.HttpServletRequest, java.lang.Boolean>, mimeTypes=io.javalin.http.staticfiles.MimeTypesConfig@390e6f21). File system location: 'file:///C:/Users/Dwith/Desktop/Cadu/PB_Tp1/target/classes/static/'
[main] INFO io.javalin.Javalin - Listening on http://localhost:8888/
[main] INFO io.javalin.Javalin - You are running Javalin 5.6.3 (released October 15, 2023. Your Javalin version is 869 days old. Consider checking for a newer version.).
[main] INFO io.javalin.Javalin - Javalin started in 14ms \o/
[main] INFO io.github.bonigarcia.wdm.WebDriverManager - Using chromedriver 144.0.7559.133 (resolved driver for Chrome 144)
[main] INFO io.github.bonigarcia.wdm.WebDriverManager - Exporting webdriver.chrome.driver as C:\Users\Dwith\.cache\selenium\chromedriver\win64\144.0.7559.133\chromedriver.exe
mar. 02, 2026 3:36:31 PM org.openqa.selenium.devtools.CdpVersionFinder findNearestMatch
WARNING: Unable to find CDP implementation matching 144
mar. 02, 2026 3:36:31 PM org.openqa.selenium.chromium.ChromiumDriver lambda$new$5
WARNING: Unable to find version of CDP to use for 144.0.7559.110. You may need to include a dependency on a specific version of the CDP using something similar to `org.seleniumhq.selenium:selenium-devtools-v86:4.25.0` where the version ("v86") matches the version of the chromium-based browser you're using and the version number of the artifact is the same as Selenium's.
]]></system-err>
  </testcase>
  <testcase name="deveCriarProdutoEmCadaCategoria(String, String, String, String, String)[2]" classname="com.faculdade.produtos.selenium.ProdutoParametrizadoSeleniumTest" time="3.119"/>
  <testcase name="deveCriarProdutoEmCadaCategoria(String, String, String, String, String)[3]" classname="com.faculdade.produtos.selenium.ProdutoParametrizadoSeleniumTest" time="3.117"/>
  <testcase name="deveCriarProdutoEmCadaCategoria(String, String, String, String, String)[4]" classname="com.faculdade.produtos.selenium.ProdutoParametrizadoSeleniumTest" time="3.097"/>
  <testcase name="deveCriarProdutoEmCadaCategoria(String, String, String, String, String)[5]" classname="com.faculdade.produtos.selenium.ProdutoParametrizadoSeleniumTest" time="3.126"/>
  <testcase name="deveCriarProdutoEmCadaCategoria(String, String, String, String, String)[6]" classname="com.faculdade.produtos.selenium.ProdutoParametrizadoSeleniumTest" time="2.599"/>
  <testcase name="deveCriarProdutoEmCadaCategoria(String, String, String, String, String)[7]" classname="com.faculdade.produtos.selenium.ProdutoParametrizadoSeleniumTest" time="3.658"/>
  <testcase name="deveCriarProdutoEmCadaCategoria(String, String, String, String, String)[8]" classname="com.faculdade.produtos.selenium.ProdutoParametrizadoSeleniumTest" time="2.606"/>
  <testcase name="deveCriarProdutoEmCadaCategoria(String, String, String, String, String)[9]" classname="com.faculdade.produtos.selenium.ProdutoParametrizadoSeleniumTest" time="3.099"/>
  <testcase name="deveCriarProdutoEmCadaCategoria(String, String, String, String, String)[10]" classname="com.faculdade.produtos.selenium.ProdutoParametrizadoSeleniumTest" time="3.115"/>
  <testcase name="deveCriarProdutoComDiferentesPrecos(String, String, String)[1]" classname="com.faculdade.produtos.selenium.ProdutoParametrizadoSeleniumTest" time="2.594"/>
  <testcase name="deveCriarProdutoComDiferentesPrecos(String, String, String)[2]" classname="com.faculdade.produtos.selenium.ProdutoParametrizadoSeleniumTest" time="3.077"/>
  <testcase name="deveCriarProdutoComDiferentesPrecos(String, String, String)[3]" classname="com.faculdade.produtos.selenium.ProdutoParametrizadoSeleniumTest" time="3.099"/>
  <testcase name="deveCriarProdutoComDiferentesPrecos(String, String, String)[4]" classname="com.faculdade.produtos.selenium.ProdutoParametrizadoSeleniumTest" time="3.094"/>
  <testcase name="deveCriarProdutoComDiferentesPrecos(String, String, String)[5]" classname="com.faculdade.produtos.selenium.ProdutoParametrizadoSeleniumTest" time="2.603"/>
  <testcase name="deveCriarProdutoComDiferentesEstoques(String)[1]" classname="com.faculdade.produtos.selenium.ProdutoParametrizadoSeleniumTest" time="3.097"/>
  <testcase name="deveCriarProdutoComDiferentesEstoques(String)[2]" classname="com.faculdade.produtos.selenium.ProdutoParametrizadoSeleniumTest" time="3.622"/>
  <testcase name="deveCriarProdutoComDiferentesEstoques(String)[3]" classname="com.faculdade.produtos.selenium.ProdutoParametrizadoSeleniumTest" time="3.589"/>
  <testcase name="deveCriarProdutoComDiferentesEstoques(String)[4]" classname="com.faculdade.produtos.selenium.ProdutoParametrizadoSeleniumTest" time="3.099"/>
  <testcase name="deveCriarProdutoComDiferentesEstoques(String)[5]" classname="com.faculdade.produtos.selenium.ProdutoParametrizadoSeleniumTest" time="3.081"/>
  <testcase name="deveCriarProdutoComDiferentesEstoques(String)[6]" classname="com.faculdade.produtos.selenium.ProdutoParametrizadoSeleniumTest" time="3.088"/>
  <testcase name="deveFiltrarPorDiferentesTermos(String, int)[1]" classname="com.faculdade.produtos.selenium.ProdutoParametrizadoSeleniumTest" time="8.457"/>
  <testcase name="deveFiltrarPorDiferentesTermos(String, int)[2]" classname="com.faculdade.produtos.selenium.ProdutoParametrizadoSeleniumTest" time="8.481"/>
  <testcase name="deveFiltrarPorDiferentesTermos(String, int)[3]" classname="com.faculdade.produtos.selenium.ProdutoParametrizadoSeleniumTest" time="10.083"/>
  <testcase name="deveFiltrarPorDiferentesTermos(String, int)[4]" classname="com.faculdade.produtos.selenium.ProdutoParametrizadoSeleniumTest" time="10.003"/>
  <testcase name="deveAtualizarEstoqueParaDiferentesValores(String, String)[1]" classname="com.faculdade.produtos.selenium.ProdutoParametrizadoSeleniumTest" time="6.512"/>
  <testcase name="deveAtualizarEstoqueParaDiferentesValores(String, String)[2]" classname="com.faculdade.produtos.selenium.ProdutoParametrizadoSeleniumTest" time="6.504"/>
  <testcase name="deveAtualizarEstoqueParaDiferentesValores(String, String)[3]" classname="com.faculdade.produtos.selenium.ProdutoParametrizadoSeleniumTest" time="6.504"/>
  <testcase name="deveCriarProdutoComNomesDeTamanhosVariados(String)[1]" classname="com.faculdade.produtos.selenium.ProdutoParametrizadoSeleniumTest" time="3.605"/>
  <testcase name="deveCriarProdutoComNomesDeTamanhosVariados(String)[2]" classname="com.faculdade.produtos.selenium.ProdutoParametrizadoSeleniumTest" time="3.593"/>
  <testcase name="deveCriarProdutoComNomesDeTamanhosVariados(String)[3]" classname="com.faculdade.produtos.selenium.ProdutoParametrizadoSeleniumTest" time="3.616"/>
  <testcase name="deveCriarProdutoComNomesDeTamanhosVariados(String)[4]" classname="com.faculdade.produtos.selenium.ProdutoParametrizadoSeleniumTest" time="3.628"/>
  <testcase name="deveCriarProdutoComNomesDeTamanhosVariados(String)[5]" classname="com.faculdade.produtos.selenium.ProdutoParametrizadoSeleniumTest" time="3.634"/>
  <testcase name="deveEditarNomeDoProduto(String)[1]" classname="com.faculdade.produtos.selenium.ProdutoParametrizadoSeleniumTest" time="6.516"/>
  <testcase name="deveEditarNomeDoProduto(String)[2]" classname="com.faculdade.produtos.selenium.ProdutoParametrizadoSeleniumTest" time="6.517"/>
  <testcase name="deveEditarNomeDoProduto(String)[3]" classname="com.faculdade.produtos.selenium.ProdutoParametrizadoSeleniumTest" time="6.524"/>
  <testcase name="deveClassificarEstoqueCorretamente(String, String)[1]" classname="com.faculdade.produtos.selenium.ProdutoParametrizadoSeleniumTest" time="3.615"/>
  <testcase name="deveClassificarEstoqueCorretamente(String, String)[2]" classname="com.faculdade.produtos.selenium.ProdutoParametrizadoSeleniumTest" time="3.62"/>
  <testcase name="deveClassificarEstoqueCorretamente(String, String)[3]" classname="com.faculdade.produtos.selenium.ProdutoParametrizadoSeleniumTest" time="3.612"/>
  <testcase name="deveClassificarEstoqueCorretamente(String, String)[4]" classname="com.faculdade.produtos.selenium.ProdutoParametrizadoSeleniumTest" time="3.593"/>
  <testcase name="deveClassificarEstoqueCorretamente(String, String)[5]" classname="com.faculdade.produtos.selenium.ProdutoParametrizadoSeleniumTest" time="3.609"/>
  <testcase name="deveClassificarEstoqueCorretamente(String, String)[6]" classname="com.faculdade.produtos.selenium.ProdutoParametrizadoSeleniumTest" time="3.619"/>
</testsuite>